▲ Next.js 16.1.3 (Turbopack)
- Local:         http://localhost:3000
- Network:       http://0.0.0.0:3000
- Environments: .env.local, .env
- Experiments (use with caution):
  · serverActions

✓ Starting...
⚠ The "middleware" file convention is deprecated. Please use "proxy" instead. Learn more: https://nextjs.org/docs/messages/middleware-to-proxy
✓ Ready in 1238ms
prisma:error 
Invalid `prisma.$queryRaw()` invocation:


error: Error validating datasource `db`: the URL must start with the protocol `postgresql://` or `postgres://`.
  -->  schema.prisma:7
   | 
 6 |   provider = "postgresql"
 7 |   url      = env("DATABASE_URL")
   | 

Validation Error Count: 1
Error fetching stats: Error [PrismaClientInitializationError]: 
Invalid `prisma.$queryRaw()` invocation:


error: Error validating datasource `db`: the URL must start with the protocol `postgresql://` or `postgres://`.
  -->  schema.prisma:7
   | 
 6 |   provider = "postgresql"
 7 |   url      = env("DATABASE_URL")
   | 

Validation Error Count: 1
    at <unknown> (-->  schema.prisma:7)
    at async GET (src/app/api/products/stats/route.ts:31:30)
  29 |     // Use a single aggregation query for most stats
  30 |     // This is much faster than separate count queries
> 31 |     const statsAggregation = await db.$queryRaw<{
     |                              ^
  32 |       total_products: bigint;
  33 |       missing_barcode: bigint;
  34 |       missing_dimensions: bigint; {
  clientVersion: '5.22.0',
  errorCode: undefined
}
prisma:error 
Invalid `__TURBOPACK__imported__module__$5b$project$5d2f$src$2f$lib$2f$db$2e$ts__$5b$app$2d$route$5d$__$28$ecmascript$29$__["db"].product.count()` invocation in
/home/z/my-project/.next/dev/server/chunks/[root-of-the-server]__f3560fdd._.js:205:170

  202 console.error('Error fetching stats:', error);
  203 // Fallback: use individual queries if aggregation fails
  204 try {
→ 205     const totalProducts = await __TURBOPACK__imported__module__$5b$project$5d2f$src$2f$lib$2f$db$2e$ts__$5b$app$2d$route$5d$__$28$ecmascript$29$__["db"].product.count(
error: Error validating datasource `db`: the URL must start with the protocol `postgresql://` or `postgres://`.
  -->  schema.prisma:7
   | 
 6 |   provider = "postgresql"
 7 |   url      = env("DATABASE_URL")
   | 

Validation Error Count: 1
Fallback stats query failed: Error [PrismaClientInitializationError]: 
Invalid `__TURBOPACK__imported__module__$5b$project$5d2f$src$2f$lib$2f$db$2e$ts__$5b$app$2d$route$5d$__$28$ecmascript$29$__["db"].product.count()` invocation in
/home/z/my-project/.next/dev/server/chunks/[root-of-the-server]__f3560fdd._.js:205:170

  202 console.error('Error fetching stats:', error);
  203 // Fallback: use individual queries if aggregation fails
  204 try {
→ 205     const totalProducts = await __TURBOPACK__imported__module__$5b$project$5d2f$src$2f$lib$2f$db$2e$ts__$5b$app$2d$route$5d$__$28$ecmascript$29$__["db"].product.count(
error: Error validating datasource `db`: the URL must start with the protocol `postgresql://` or `postgres://`.
  -->  schema.prisma:7
   | 
 6 |   provider = "postgresql"
 7 |   url      = env("DATABASE_URL")
   | 

Validation Error Count: 1
    at <unknown> (src/app/api/products/stats/route.ts:110:46)
    at <unknown> (-->  schema.prisma:7)
    at async GET (src/app/api/products/stats/route.ts:110:29)
  108 |     // Fallback: use individual queries if aggregation fails
  109 |     try {
> 110 |       const totalProducts = await db.product.count();
      |                                              ^
  111 |       const today = new Date();
  112 |       today.setHours(0, 0, 0, 0);
  113 | {
  clientVersion: '5.22.0',
  errorCode: undefined
}
 GET /api/products/stats 500 in 835ms (compile: 321ms, proxy.ts: 93ms, render: 421ms)
